**********************
Windows PowerShell transcript start
Start time: 20230720152545
Username: CORPORATE\R866905
RunAs User: CORPORATE\R866905
Configuration Name: 
Machine: R866905-W10 (Microsoft Windows NT 10.0.19044.0)
Host Application: C:\Windows\System32\WindowsPowerShell\v1.0\powershell.exe -NoProfile -ExecutionPolicy Bypass -Command Import-Module 'c:\Users\R866905\.vscode\extensions\ms-vscode.powershell-2023.6.0\modules\PowerShellEditorServices\PowerShellEditorServices.psd1'; Start-EditorServices -HostName 'Visual Studio Code Host' -HostProfileId 'Microsoft.VSCode' -HostVersion '2023.6.0' -AdditionalModules @('PowerShellEditorServices.VSCode') -BundledModulesPath 'c:\Users\R866905\.vscode\extensions\ms-vscode.powershell-2023.6.0\modules' -EnableConsoleRepl -StartupBanner "PowerShell Extension v2023.6.0
Copyright (c) Microsoft Corporation.

https://aka.ms/vscode-powershell
Type 'help' to get help.
" -LogLevel 'Normal' -LogPath 'c:\Users\R866905\AppData\Roaming\Code\User\globalStorage\ms-vscode.powershell\logs\1689841790-f3582d44-db32-4db8-9e3d-87bf4f2c8d7a1689841788330\EditorServices.log' -SessionDetailsPath 'c:\Users\R866905\AppData\Roaming\Code\User\globalStorage\ms-vscode.powershell\sessions\PSES-VSCode-13324-661992.json' -FeatureFlags @() 
Process ID: 21436
PSVersion: 5.1.19041.3031
PSEdition: Desktop
PSCompatibleVersions: 1.0, 2.0, 3.0, 4.0, 5.0, 5.1.19041.3031
BuildVersion: 10.0.19041.3031
CLRVersion: 4.0.30319.42000
WSManStackVersion: 3.0
PSRemotingProtocolVersion: 2.3
SerializationVersion: 1.1.0.1
**********************
Transcript started, output file is C:\DevOps\PowerShell\npp.log

Language DisplayName                                                        NoRepair Brand DisplayVersion    Comments
-------- -----------                                                        -------- ----- --------------    --------
    1033 Cisco AnyConnect Secure Mobility Client                                   1 Cisco 4.10.07062        A SmartNET contract is required for support - C...

    1033 BIG-IP Edge Client Components (All Users)                                 1       71.2021.0111.0757
         Google Chrome                                                             1       114.0.5735.199
         HTML Help Workshop
         Cisco Secure Endpoint                                                             8.1.5.21322
         KeePass Password Safe 2.53.1                                              1       2.53.1

         Microsoft Edge                                                            1       114.0.1823.82
         Microsoft Edge Update                                                     1       1.3.177.11
         Microsoft Edge WebView2 Runtime                                           1       114.0.1823.82
         Notepad++ (32-bit x86)                                                    1       8.4.8
         ThinkPad Thunderbolt 3 Dock                                               1       1.001.9
         Lenovo Vantage Service                                                            3.13.43.0

         Thinkpad USB Ethernet Adapter Driver                                      1       10.44.1214.2020
    1033 Cisco AnyConnect Secure Mobility Client                                   1       4.10.07062        A SmartNET contract is required for support - C...
    1033 Power Automate for desktop                                                        2.29.00127.23042
         Microsoft Visual C++ 2015-2019 Redistributable (x86) - 14.28.29914                14.28.29914.0
    1033 7-Zip 18.05                                                                       18.05.00.0
    1033 Network Recording Player                                                          41.11.3.7
    1033 Cisco AnyConnect Umbrella Roaming Security Module                         1       4.10.07062        A SmartNET contract is required for support - C...
         Intel® PROSet/Wireless Software                                                   20.110.0.0u       TIC: STHWFW4330
    1033 SecureClientUI                                                            1       8.1.5.21322
    1033 Microsoft Visual C++ 2019 X86 Minimum Runtime - 14.28.29914                       14.28.29914
         Microsoft Visual C++ 2015-2019 Redistributable (x64) - 14.28.29914                14.28.29914.0
         GenesysCloud                                                                      2.10.640.0
    1033 Python Launcher                                                                   3.10.7644.0
    1033 Cisco Webex Productivity Tools                                                    39.11.1.2
    1033 Cisco Webex Meetings                                                              39.11.2.4
       0 Allscripts IT Services Calling Card                                               7.11.760
    1033 GenesysCloud                                                                      2.10.640.0
         Power Automate for desktop                                                        2.29.127.23042
    1033 Microsoft Visual C++ 2019 X86 Additional Runtime - 14.28.29914                    14.28.29914
    1033 Microsoft Search in Bing                                                          2.0.2
    1033 Microsoft Intune Management Extension                                             1.68.204.0
    1033 DefaultPackMSI                                                                    4.6.2.0
    1033 Cisco Jabber                                                                      12.9.2.54247
    1033 GoTo Opener                                                                       1.0.539           GoTo Opener Application

         Git                                                                       1       2.41.0.3
         Greenshot 1.2.10.6                                                        1       1.2.10.6
         Mozilla Firefox (x64 en-US)                                               1       115.0.2           Mozilla Firefox 115.0.2 (x64 en-US)
         Mozilla Maintenance Service                                                       92.0.1            Mozilla Maintenance Service
         Microsoft 365 Apps for enterprise - en-us                                 0       16.0.16529.20182
         Lenovo USB Audio                                                                  1.31.38.54

         Lenovo Diagnostics Tool                                                   1       4.40.2.6
    1033 Python 3.10.1 Test Suite (64-bit)                                                 3.10.1150.0
    1033 Python 3.10.1 pip Bootstrap (64-bit)                                              3.10.1150.0
    1033 CrashPlan                                                                 1       11.1.1.2
    1033 Intel® PROSet/Wireless WiFi Software                                      1       20.110.0.2602     Intel® PROSet/Wireless WiFi Software installati...
    1033 7-Zip 18.05 (x64 edition)                                                         18.05.00.0
    1033 IP Connect Driver                                                                 1.2.1
    1033 Browsium Client                                                           1       4.9.0.78          Setup wizard for the Browsium Client
    1033 Microsoft Visual C++ 2019 X64 Minimum Runtime - 14.28.29914                       14.28.29914
    1033 Python 3.10.1 Executables (64-bit)                                                3.10.1150.0
    1033 Python 3.10.1 Add to Path (64-bit)                                                3.10.1150.0
    1033 Microsoft Visual C++ 2019 X64 Additional Runtime - 14.28.29914                    14.28.29914
    1033 Python 3.10.1 Tcl/Tk Support (64-bit)                                             3.10.1150.0
    1033 Microsoft Policy Platform                                                         68.1.1010.0
    1033 Microsoft Analysis Services OLE DB Provider                                       15.0.2000.832
    1033 Python 3.10.1 Core Interpreter (64-bit)                                           3.10.1150.0
       0 Office 16 Click-to-Run Licensing Component                                        16.0.16529.20182
       0 Office 16 Click-to-Run Extensibility Component                                    16.0.16529.20182
    1033 Office 16 Click-to-Run Localization Component                                     16.0.12430.20264
    1033 Python 3.10.1 Standard Library (64-bit)                                           3.10.1150.0
    1033 Python 3.10.1 Development Libraries (64-bit)                                      3.10.1150.0
    1033 Java(TM) SE Development Kit 17.0.4.1 (64-bit)                             1       17.0.4.1
    1033 Microsoft Teams Meeting Add-in for Microsoft Office                               1.23.18001
       0 Microsoft Update Health Tools                                             1       3.72.0.0
    1033 Python 3.10.1 Documentation (64-bit)                                              3.10.1150.0
    1033 Cisco AMP Orbital                                                                 1.27.3
    1033 Python 3.10.1 Utility Scripts (64-bit)                                            3.10.1150.0


Notepad++ (32-bit x86)
is already installed

VERBOSE: GET https://notepad-plus-plus.org/downloads/v8.5.4/ with 0-byte payload
VERBOSE: received 29004-byte response of content type text/html
>> TerminatingError(Invoke-WebRequest): "Access to the path 'C:\npp.exe' is denied."
Invoke-WebRequest : Access to the path 'C:\npp.exe' is denied.
At C:\DevOps\PowerShell\Practice.ps1:40 char:5
+     Invoke-WebRequest -Uri $installerSource -OutFile $installerLocati ...
+     ~~~~~~~~~~~~~~~~~~~~~~~~~~~~~~~~~~~~~~~~~~~~~~~~~~~~~~~~~~~~~~~~~
    + CategoryInfo          : NotSpecified: (:) [Invoke-WebRequest], UnauthorizedAccessException
    + FullyQualifiedErrorId : System.UnauthorizedAccessException,Microsoft.PowerShell.Commands.InvokeWebRequestCommand

    Directory: C:\DevOps


Mode          LastWriteTime Length Name
----          ------------- ------ ----
d-----  7/20/2023   3:25 PM        PowerShell
Invoke-WebRequest : Access to the path 'C:\npp.exe' is denied.
At C:\DevOps\PowerShell\Practice.ps1:40 char:5
+     Invoke-WebRequest -Uri $installerSource -OutFile $installerLocati ...
+     ~~~~~~~~~~~~~~~~~~~~~~~~~~~~~~~~~~~~~~~~~~~~~~~~~~~~~~~~~~~~~~~~~
    + CategoryInfo          : NotSpecified: (:) [Invoke-WebRequest], UnauthorizedAccessException
    + FullyQualifiedErrorId : System.UnauthorizedAccessException,Microsoft.PowerShell.Commands.InvokeWebRequestCommand

Installing software:
Notepad++ (32-bit x86)
PS>TerminatingError(Start-Process): "This command cannot be run due to the error: The system cannot find the file specified."
Start-Process : This command cannot be run due to the error: The system cannot find the file specified.
At C:\DevOps\PowerShell\Practice.ps1:46 char:1
+ Start-Process $installerLocation /S -NoNewWindow -Wait -PassThru
+ ~~~~~~~~~~~~~~~~~~~~~~~~~~~~~~~~~~~~~~~~~~~~~~~~~~~~~~~~~~~~~~~~
    + CategoryInfo          : InvalidOperation: (:) [Start-Process], InvalidOperationException
    + FullyQualifiedErrorId : InvalidOperationException,Microsoft.PowerShell.Commands.StartProcessCommand
Start-Process : This command cannot be run due to the error: The system cannot find the file specified.
At C:\DevOps\PowerShell\Practice.ps1:46 char:1
+ Start-Process $installerLocation /S -NoNewWindow -Wait -PassThru
+ ~~~~~~~~~~~~~~~~~~~~~~~~~~~~~~~~~~~~~~~~~~~~~~~~~~~~~~~~~~~~~~~~
    + CategoryInfo          : InvalidOperation: (:) [Start-Process], InvalidOperationException
    + FullyQualifiedErrorId : InvalidOperationException,Microsoft.PowerShell.Commands.StartProcessCommand

SOftware is installed successfully
**********************
Windows PowerShell transcript end
End time: 20230720152546
**********************
